<?xml version="1.0" encoding="UTF-8"?>
<testsuite xmlns:xsi="http://www.w3.org/2001/XMLSchema-instance" xsi:noNamespaceSchemaLocation="https://maven.apache.org/surefire/maven-surefire-plugin/xsd/surefire-test-report.xsd" name="com.coinmarketcap.Runner.BaseRunner" time="13.132" tests="20" errors="6" skipped="11" failures="0">
  <properties>
[...]
</properties>
  <testcase name="Given User Launches coin market cap app" classname="| BTC,ETH,USDT |" time="0.002"/>
  <testcase name="Given I make a /cryptocurrency/map call by passing the symbols &quot;BTC,ETH,USDT&quot;" classname="| BTC,ETH,USDT |" time="0.005">
    <error message="javax/xml/bind/JAXBException" type="java.lang.NoClassDefFoundError">java.lang.NoClassDefFoundError: javax/xml/bind/JAXBException
Caused by: java.lang.ClassNotFoundException: javax.xml.bind.JAXBException
</error>
    <system-out><![CDATA[
  Background:                               &amp#27;[90m# backend/ApiTest.feature:3&amp#27;[0m
    &amp#27;[32mGiven &amp#27;[0m&amp#27;[32mUser Launches coin market cap app&amp#27;[0m &amp#27;[90m# HomePageSteps.launchCoinMarketApp()&amp#27;[0m
]]></system-out>
  </testcase>
  <testcase name="| BTC,ETH,USDT |" classname="| BTC,ETH,USDT |" time="0.005">
    <error message="javax/xml/bind/JAXBException" type="java.lang.NoClassDefFoundError">java.lang.NoClassDefFoundError: javax/xml/bind/JAXBException
Caused by: java.lang.ClassNotFoundException: javax.xml.bind.JAXBException
</error>
  </testcase>
  <testcase name="Then I assert the response and retrieve the ID of each of the currency" classname="| BTC,ETH,USDT |" time="0">
    <skipped/>
  </testcase>
  <testcase name="And I make a /tools/price-conversion call using the IDs" classname="| BTC,ETH,USDT |" time="0">
    <skipped/>
  </testcase>
  <testcase name="Then I assert the response and convert the IDs to Bolivian Boliviano" classname="| BTC,ETH,USDT |" time="0">
    <skipped/>
  </testcase>
  <testcase name="Given User Launches coin market cap app" classname="| 1027 | https://s2.coinmarketcap.com/static/img/coins/64x64/1027.png | https://github.com/ethereum/wiki/wiki/White-Paper | 2015-08-07T00:00:00.000Z |" time="0"/>
  <testcase name="Given I Retrieve the Ethereum ID &quot;1027&quot; technical documentation website from the cryptocurrency/info call." classname="| 1027 | https://s2.coinmarketcap.com/static/img/coins/64x64/1027.png | https://github.com/ethereum/wiki/wiki/White-Paper | 2015-08-07T00:00:00.000Z |" time="0.004">
    <error message="Could not initialize class com.jayway.restassured.RestAssured" type="java.lang.NoClassDefFoundError">java.lang.NoClassDefFoundError: Could not initialize class com.jayway.restassured.RestAssured
</error>
    <system-out><![CDATA[
  Background:                               &amp#27;[90m# backend/ApiTest.feature:3&amp#27;[0m
    &amp#27;[32mGiven &amp#27;[0m&amp#27;[32mUser Launches coin market cap app&amp#27;[0m &amp#27;[90m# HomePageSteps.launchCoinMarketApp()&amp#27;[0m
]]></system-out>
  </testcase>
  <testcase name="| 1027 | https://s2.coinmarketcap.com/static/img/coins/64x64/1027.png | https://github.com/ethereum/wiki/wiki/White-Paper | 2015-08-07T00:00:00.000Z |" classname="| 1027 | https://s2.coinmarketcap.com/static/img/coins/64x64/1027.png | https://github.com/ethereum/wiki/wiki/White-Paper | 2015-08-07T00:00:00.000Z |" time="0.005">
    <error message="Could not initialize class com.jayway.restassured.RestAssured" type="java.lang.NoClassDefFoundError">java.lang.NoClassDefFoundError: Could not initialize class com.jayway.restassured.RestAssured
</error>
  </testcase>
  <testcase name="Then I assert the response status and confirm that the following logo url &quot;https://s2.coinmarketcap.com/static/img/coins/64x64/1027.png&quot; is present" classname="| 1027 | https://s2.coinmarketcap.com/static/img/coins/64x64/1027.png | https://github.com/ethereum/wiki/wiki/White-Paper | 2015-08-07T00:00:00.000Z |" time="0">
    <skipped/>
  </testcase>
  <testcase name="Then I confirm that the following technical doc url &quot;https://github.com/ethereum/wiki/wiki/White-Paper&quot; is present" classname="| 1027 | https://s2.coinmarketcap.com/static/img/coins/64x64/1027.png | https://github.com/ethereum/wiki/wiki/White-Paper | 2015-08-07T00:00:00.000Z |" time="0">
    <skipped/>
  </testcase>
  <testcase name="And I confirm that the symbol of the currency is ETH" classname="| 1027 | https://s2.coinmarketcap.com/static/img/coins/64x64/1027.png | https://github.com/ethereum/wiki/wiki/White-Paper | 2015-08-07T00:00:00.000Z |" time="0">
    <skipped/>
  </testcase>
  <testcase name="And I confirm that the date added as date &quot;2015-08-07T00:00:00.000Z&quot;" classname="| 1027 | https://s2.coinmarketcap.com/static/img/coins/64x64/1027.png | https://github.com/ethereum/wiki/wiki/White-Paper | 2015-08-07T00:00:00.000Z |" time="0">
    <skipped/>
  </testcase>
  <testcase name="And I confirm that the platform is null" classname="| 1027 | https://s2.coinmarketcap.com/static/img/coins/64x64/1027.png | https://github.com/ethereum/wiki/wiki/White-Paper | 2015-08-07T00:00:00.000Z |" time="0">
    <skipped/>
  </testcase>
  <testcase name="And I confirm that the currency has the mineable tag associated with it" classname="| 1027 | https://s2.coinmarketcap.com/static/img/coins/64x64/1027.png | https://github.com/ethereum/wiki/wiki/White-Paper | 2015-08-07T00:00:00.000Z |" time="0">
    <skipped/>
  </testcase>
  <testcase name="Given User Launches coin market cap app" classname="Scenario: Retrieve the first 10 currencies info" time="0"/>
  <testcase name="Given I make a /cryptocurrency/map call for the first 10 currencies" classname="Scenario: Retrieve the first 10 currencies info" time="0.001">
    <error message="Could not initialize class com.jayway.restassured.RestAssured" type="java.lang.NoClassDefFoundError">java.lang.NoClassDefFoundError: Could not initialize class com.jayway.restassured.RestAssured
</error>
    <system-out><![CDATA[
  Background:                               &amp#27;[90m# backend/ApiTest.feature:3&amp#27;[0m
    &amp#27;[32mGiven &amp#27;[0m&amp#27;[32mUser Launches coin market cap app&amp#27;[0m &amp#27;[90m# HomePageSteps.launchCoinMarketApp()&amp#27;[0m
]]></system-out>
  </testcase>
  <testcase name="Scenario: Retrieve the first 10 currencies info" classname="Scenario: Retrieve the first 10 currencies info" time="0.002">
    <error message="Could not initialize class com.jayway.restassured.RestAssured" type="java.lang.NoClassDefFoundError">java.lang.NoClassDefFoundError: Could not initialize class com.jayway.restassured.RestAssured
</error>
  </testcase>
  <testcase name="Then I check which currencies have the mineable tag associated with them" classname="Scenario: Retrieve the first 10 currencies info" time="0">
    <skipped/>
  </testcase>
  <testcase name="Then I verify that the correct cryptocurrencies have been printed out" classname="Scenario: Retrieve the first 10 currencies info" time="0">
    <skipped/>
  </testcase>
</testsuite>